<?xml version="1.0" encoding="UTF-8"?>
<!-- Generated by org.testng.reporters.JUnitXMLReporter -->
<testsuite ignored="0" hostname="DESKTOP-L4Q2QE0" failures="1" tests="1" name="Test" time="8.5" errors="0" timestamp="2023-08-17T12:06:51 EDT">
  <testcase classname="com.learnAutomation.TestCases.LoginTestAgileOneTech" name="loginApp" time="0.027">
    <failure type="java.lang.NullPointerException">
      <![CDATA[java.lang.NullPointerException
at com.learnAutomation.TestCases.LoginTestAgileOneTech.loginApp(LoginTestAgileOneTech.java:24)
at java.base/java.util.ArrayList.forEach(ArrayList.java:1541)
... Removed 27 stack frames]]>
    </failure>
  </testcase> <!-- loginApp -->
</testsuite> <!-- Test -->
